<?xml version="1.0" encoding="UTF-8"?>
<!-- Generated by org.testng.reporters.JUnitXMLReporter -->
<testsuite ignored="0" hostname="Shumi-Shehzaad" failures="0" tests="5" name="Default test" time="131.801" errors="0" timestamp="2022-02-05T21:24:44 EST">
  <testcase classname="testCases.RunEMI_Calculator" name="myTest" time="30.165"/>
  <testcase classname="testCases.RunEMI_Calculator" name="myTest" time="23.434"/>
  <testcase classname="testCases.RunEMI_Calculator" name="myTest" time="23.346"/>
  <testcase classname="testCases.RunEMI_Calculator" name="myTest" time="23.35"/>
  <testcase classname="testCases.RunEMI_Calculator" name="myTest" time="22.808"/>
</testsuite> <!-- Default test -->
